  tif_aux.c
  tif_close.c
  tif_codec.c
  tif_color.c
  tif_compress.c
  tif_dir.c
  tif_dirinfo.c
  tif_dirread.c
  tif_dirwrite.c
  tif_dumpmode.c
  tif_error.c
  tif_extension.c
  tif_fax3.c
  tif_fax3sm.c
  tif_flush.c
  tif_getimage.c
  tif_jpeg.c
  tif_luv.c
  tif_lzma.c
  tif_lzw.c
  コードを生成中...
  コンパイル中...
  tif_next.c
  tif_ojpeg.c
c:\users\leiqunni\desktop\freeimage\source\libtiff4\tif_ojpeg.c(617): warning C4477: 'fprintf' : 書式文字列 '%lu' には、型 'unsigned long' の引数が必要ですが、可変個引数 1 は型 'uint64' です
  c:\users\leiqunni\desktop\freeimage\source\libtiff4\tif_ojpeg.c(617): note: 書式文字列に '%llu' を使用することをお勧めします
  c:\users\leiqunni\desktop\freeimage\source\libtiff4\tif_ojpeg.c(617): note: 書式文字列に '%Iu' を使用することをお勧めします
  c:\users\leiqunni\desktop\freeimage\source\libtiff4\tif_ojpeg.c(617): note: 書式文字列に '%I64u' を使用することをお勧めします
c:\users\leiqunni\desktop\freeimage\source\libtiff4\tif_ojpeg.c(619): warning C4477: 'fprintf' : 書式文字列 '%lu' には、型 'unsigned long' の引数が必要ですが、可変個引数 1 は型 'uint64' です
  c:\users\leiqunni\desktop\freeimage\source\libtiff4\tif_ojpeg.c(619): note: 書式文字列に '%llu' を使用することをお勧めします
  c:\users\leiqunni\desktop\freeimage\source\libtiff4\tif_ojpeg.c(619): note: 書式文字列に '%Iu' を使用することをお勧めします
  c:\users\leiqunni\desktop\freeimage\source\libtiff4\tif_ojpeg.c(619): note: 書式文字列に '%I64u' を使用することをお勧めします
c:\users\leiqunni\desktop\freeimage\source\libtiff4\tif_ojpeg.c(624): warning C4477: 'fprintf' : 書式文字列 '%lu' には、型 'unsigned long' の引数が必要ですが、可変個引数 1 は型 'uint64' です
  c:\users\leiqunni\desktop\freeimage\source\libtiff4\tif_ojpeg.c(624): note: 書式文字列に '%llu' を使用することをお勧めします
  c:\users\leiqunni\desktop\freeimage\source\libtiff4\tif_ojpeg.c(624): note: 書式文字列に '%Iu' を使用することをお勧めします
  c:\users\leiqunni\desktop\freeimage\source\libtiff4\tif_ojpeg.c(624): note: 書式文字列に '%I64u' を使用することをお勧めします
c:\users\leiqunni\desktop\freeimage\source\libtiff4\tif_ojpeg.c(631): warning C4477: 'fprintf' : 書式文字列 '%lu' には、型 'unsigned long' の引数が必要ですが、可変個引数 1 は型 'uint64' です
  c:\users\leiqunni\desktop\freeimage\source\libtiff4\tif_ojpeg.c(631): note: 書式文字列に '%llu' を使用することをお勧めします
  c:\users\leiqunni\desktop\freeimage\source\libtiff4\tif_ojpeg.c(631): note: 書式文字列に '%Iu' を使用することをお勧めします
  c:\users\leiqunni\desktop\freeimage\source\libtiff4\tif_ojpeg.c(631): note: 書式文字列に '%I64u' を使用することをお勧めします
c:\users\leiqunni\desktop\freeimage\source\libtiff4\tif_ojpeg.c(638): warning C4477: 'fprintf' : 書式文字列 '%lu' には、型 'unsigned long' の引数が必要ですが、可変個引数 1 は型 'uint64' です
  c:\users\leiqunni\desktop\freeimage\source\libtiff4\tif_ojpeg.c(638): note: 書式文字列に '%llu' を使用することをお勧めします
  c:\users\leiqunni\desktop\freeimage\source\libtiff4\tif_ojpeg.c(638): note: 書式文字列に '%Iu' を使用することをお勧めします
  c:\users\leiqunni\desktop\freeimage\source\libtiff4\tif_ojpeg.c(638): note: 書式文字列に '%I64u' を使用することをお勧めします
  tif_open.c
  tif_packbits.c
  tif_pixarlog.c
  tif_predict.c
  tif_print.c
  tif_read.c
  tif_strip.c
  tif_swab.c
  tif_thunder.c
  tif_tile.c
  tif_version.c
  tif_warning.c
  tif_write.c
  tif_zip.c
  コードを生成中...
  LibTIFF4.2017.vcxproj -> C:\Users\leiqunni\Desktop\FreeImage\Source\LibTIFF4\.\x64\Debug\LibTIFF4.lib
