c:\users\leiqunni\desktop\freeimage\x64\debug\vc141.pdb
c:\users\leiqunni\desktop\freeimage\x64\debug\pluginhdr.obj
c:\users\leiqunni\desktop\freeimage\x64\debug\plugingif.obj
c:\users\leiqunni\desktop\freeimage\x64\debug\pluging3.obj
c:\users\leiqunni\desktop\freeimage\x64\debug\pluginexr.obj
c:\users\leiqunni\desktop\freeimage\x64\debug\plugindds.obj
c:\users\leiqunni\desktop\freeimage\x64\debug\plugincut.obj
c:\users\leiqunni\desktop\freeimage\x64\debug\pluginbmp.obj
c:\users\leiqunni\desktop\freeimage\x64\debug\plugin.obj
c:\users\leiqunni\desktop\freeimage\x64\debug\mnghelper.obj
c:\users\leiqunni\desktop\freeimage\x64\debug\j2khelper.obj
c:\users\leiqunni\desktop\freeimage\x64\debug\pixelaccess.obj
c:\users\leiqunni\desktop\freeimage\x64\debug\memoryio.obj
c:\users\leiqunni\desktop\freeimage\x64\debug\lfpquantizer.obj
c:\users\leiqunni\desktop\freeimage\x64\debug\gettype.obj
c:\users\leiqunni\desktop\freeimage\x64\debug\freeimageio.obj
c:\users\leiqunni\desktop\freeimage\x64\debug\freeimage.obj
c:\users\leiqunni\desktop\freeimage\x64\debug\conversionrgbaf.obj
c:\users\leiqunni\desktop\freeimage\x64\debug\conversionrgba16.obj
c:\users\leiqunni\desktop\freeimage\x64\debug\colorlookup.obj
c:\users\leiqunni\desktop\freeimage\x64\debug\bitmapaccess.obj
c:\users\leiqunni\desktop\freeimage\x64\debug\plugintarga.obj
c:\users\leiqunni\desktop\freeimage\x64\debug\pluginsgi.obj
c:\users\leiqunni\desktop\freeimage\x64\debug\pluginraw.obj
c:\users\leiqunni\desktop\freeimage\x64\debug\pluginras.obj
c:\users\leiqunni\desktop\freeimage\x64\debug\pluginpsd.obj
c:\users\leiqunni\desktop\freeimage\x64\debug\pluginpnm.obj
c:\users\leiqunni\desktop\freeimage\x64\debug\pluginpng.obj
c:\users\leiqunni\desktop\freeimage\x64\debug\pluginpict.obj
c:\users\leiqunni\desktop\freeimage\x64\debug\pluginpfm.obj
c:\users\leiqunni\desktop\freeimage\x64\debug\pluginpcx.obj
c:\users\leiqunni\desktop\freeimage\x64\debug\pluginpcd.obj
c:\users\leiqunni\desktop\freeimage\x64\debug\pluginmng.obj
c:\users\leiqunni\desktop\freeimage\x64\debug\pluginkoala.obj
c:\users\leiqunni\desktop\freeimage\x64\debug\pluginjxr.obj
c:\users\leiqunni\desktop\freeimage\x64\debug\pluginjpeg.obj
c:\users\leiqunni\desktop\freeimage\x64\debug\pluginjp2.obj
c:\users\leiqunni\desktop\freeimage\x64\debug\pluginjng.obj
c:\users\leiqunni\desktop\freeimage\x64\debug\pluginj2k.obj
c:\users\leiqunni\desktop\freeimage\x64\debug\pluginiff.obj
c:\users\leiqunni\desktop\freeimage\x64\debug\pluginico.obj
c:\users\leiqunni\desktop\freeimage\x64\debug\halftoning.obj
c:\users\leiqunni\desktop\freeimage\x64\debug\conversionuint16.obj
c:\users\leiqunni\desktop\freeimage\x64\debug\conversiontype.obj
c:\users\leiqunni\desktop\freeimage\x64\debug\conversionrgbf.obj
c:\users\leiqunni\desktop\freeimage\x64\debug\conversionrgb16.obj
c:\users\leiqunni\desktop\freeimage\x64\debug\conversionfloat.obj
c:\users\leiqunni\desktop\freeimage\x64\debug\conversion8.obj
c:\users\leiqunni\desktop\freeimage\x64\debug\conversion4.obj
c:\users\leiqunni\desktop\freeimage\x64\debug\conversion32.obj
c:\users\leiqunni\desktop\freeimage\x64\debug\conversion24.obj
c:\users\leiqunni\desktop\freeimage\x64\debug\conversion16_565.obj
c:\users\leiqunni\desktop\freeimage\x64\debug\conversion16_555.obj
c:\users\leiqunni\desktop\freeimage\x64\debug\conversion.obj
c:\users\leiqunni\desktop\freeimage\x64\debug\tifflogluv.obj
c:\users\leiqunni\desktop\freeimage\x64\debug\psdparser.obj
c:\users\leiqunni\desktop\freeimage\x64\debug\pluginxpm.obj
c:\users\leiqunni\desktop\freeimage\x64\debug\pluginxbm.obj
c:\users\leiqunni\desktop\freeimage\x64\debug\pluginwebp.obj
c:\users\leiqunni\desktop\freeimage\x64\debug\pluginwbmp.obj
c:\users\leiqunni\desktop\freeimage\x64\debug\plugintiff.obj
c:\users\leiqunni\desktop\freeimage\x64\debug\channels.obj
c:\users\leiqunni\desktop\freeimage\x64\debug\bsplinerotate.obj
c:\users\leiqunni\desktop\freeimage\x64\debug\background.obj
c:\users\leiqunni\desktop\freeimage\x64\debug\xtiff.obj
c:\users\leiqunni\desktop\freeimage\x64\debug\taglib.obj
c:\users\leiqunni\desktop\freeimage\x64\debug\tagconversion.obj
c:\users\leiqunni\desktop\freeimage\x64\debug\iptc.obj
c:\users\leiqunni\desktop\freeimage\x64\debug\freeimagetag.obj
c:\users\leiqunni\desktop\freeimage\x64\debug\firational.obj
c:\users\leiqunni\desktop\freeimage\x64\debug\exif.obj
c:\users\leiqunni\desktop\freeimage\x64\debug\zlibinterface.obj
c:\users\leiqunni\desktop\freeimage\x64\debug\multipage.obj
c:\users\leiqunni\desktop\freeimage\x64\debug\cachefile.obj
c:\users\leiqunni\desktop\freeimage\x64\debug\wuquantizer.obj
c:\users\leiqunni\desktop\freeimage\x64\debug\nnquantizer.obj
c:\users\leiqunni\desktop\freeimage\x64\debug\tonemapping.obj
c:\users\leiqunni\desktop\freeimage\x64\debug\tmoreinhard05.obj
c:\users\leiqunni\desktop\freeimage\x64\debug\tmofattal02.obj
c:\users\leiqunni\desktop\freeimage\x64\debug\tmodrago03.obj
c:\users\leiqunni\desktop\freeimage\x64\debug\tmocolorconvert.obj
c:\users\leiqunni\desktop\freeimage\x64\debug\resize.obj
c:\users\leiqunni\desktop\freeimage\x64\debug\rescale.obj
c:\users\leiqunni\desktop\freeimage\x64\debug\multigridpoissonsolver.obj
c:\users\leiqunni\desktop\freeimage\x64\debug\jpegtransform.obj
c:\users\leiqunni\desktop\freeimage\x64\debug\flip.obj
c:\users\leiqunni\desktop\freeimage\x64\debug\display.obj
c:\users\leiqunni\desktop\freeimage\x64\debug\copypaste.obj
c:\users\leiqunni\desktop\freeimage\x64\debug\colors.obj
c:\users\leiqunni\desktop\freeimage\x64\debug\classicrotate.obj
c:\users\leiqunni\desktop\freeimage\x64\debug\freeimagec.obj
c:\users\leiqunni\desktop\freeimage\x64\debug\freeimage.res
c:\users\leiqunni\desktop\freeimage\x64\debug\freeimage.tlog\cl.command.1.tlog
c:\users\leiqunni\desktop\freeimage\x64\debug\freeimage.tlog\cl.read.1.tlog
c:\users\leiqunni\desktop\freeimage\x64\debug\freeimage.tlog\cl.write.1.tlog
c:\users\leiqunni\desktop\freeimage\x64\debug\freeimage.tlog\link.command.1.tlog
c:\users\leiqunni\desktop\freeimage\x64\debug\freeimage.tlog\link.read.1.tlog
c:\users\leiqunni\desktop\freeimage\x64\debug\freeimage.tlog\link.write.1.tlog
c:\users\leiqunni\desktop\freeimage\x64\debug\freeimage.tlog\rc.command.1.tlog
c:\users\leiqunni\desktop\freeimage\x64\debug\freeimage.tlog\rc.read.1.tlog
c:\users\leiqunni\desktop\freeimage\x64\debug\freeimage.tlog\rc.write.1.tlog
