c:\users\leiqunni\desktop\freeimage\source\libopenjpeg\x64\debug\libopenjpeg.pdb
c:\users\leiqunni\desktop\freeimage\source\libopenjpeg\x64\debug\tgt.obj
c:\users\leiqunni\desktop\freeimage\source\libopenjpeg\x64\debug\tcd.obj
c:\users\leiqunni\desktop\freeimage\source\libopenjpeg\x64\debug\t2.obj
c:\users\leiqunni\desktop\freeimage\source\libopenjpeg\x64\debug\t1.obj
c:\users\leiqunni\desktop\freeimage\source\libopenjpeg\x64\debug\raw.obj
c:\users\leiqunni\desktop\freeimage\source\libopenjpeg\x64\debug\pi.obj
c:\users\leiqunni\desktop\freeimage\source\libopenjpeg\x64\debug\opj_clock.obj
c:\users\leiqunni\desktop\freeimage\source\libopenjpeg\x64\debug\openjpeg.obj
c:\users\leiqunni\desktop\freeimage\source\libopenjpeg\x64\debug\mqc.obj
c:\users\leiqunni\desktop\freeimage\source\libopenjpeg\x64\debug\mct.obj
c:\users\leiqunni\desktop\freeimage\source\libopenjpeg\x64\debug\jp2.obj
c:\users\leiqunni\desktop\freeimage\source\libopenjpeg\x64\debug\j2k.obj
c:\users\leiqunni\desktop\freeimage\source\libopenjpeg\x64\debug\invert.obj
c:\users\leiqunni\desktop\freeimage\source\libopenjpeg\x64\debug\image.obj
c:\users\leiqunni\desktop\freeimage\source\libopenjpeg\x64\debug\function_list.obj
c:\users\leiqunni\desktop\freeimage\source\libopenjpeg\x64\debug\event.obj
c:\users\leiqunni\desktop\freeimage\source\libopenjpeg\x64\debug\dwt.obj
c:\users\leiqunni\desktop\freeimage\source\libopenjpeg\x64\debug\cio.obj
c:\users\leiqunni\desktop\freeimage\source\libopenjpeg\x64\debug\bio.obj
c:\users\leiqunni\desktop\freeimage\source\libopenjpeg\x64\debug\libopenjpeg.lib
c:\users\leiqunni\desktop\freeimage\source\libopenjpeg\.\x64\debug\libopenjpeg.lib
c:\users\leiqunni\desktop\freeimage\source\libopenjpeg\x64\debug\libopenjpeg.tlog\cl.command.1.tlog
c:\users\leiqunni\desktop\freeimage\source\libopenjpeg\x64\debug\libopenjpeg.tlog\cl.read.1.tlog
c:\users\leiqunni\desktop\freeimage\source\libopenjpeg\x64\debug\libopenjpeg.tlog\cl.write.1.tlog
c:\users\leiqunni\desktop\freeimage\source\libopenjpeg\x64\debug\libopenjpeg.tlog\lib-link.read.1.tlog
c:\users\leiqunni\desktop\freeimage\source\libopenjpeg\x64\debug\libopenjpeg.tlog\lib-link.write.1.tlog
c:\users\leiqunni\desktop\freeimage\source\libopenjpeg\x64\debug\libopenjpeg.tlog\lib.command.1.tlog
