c:\users\leiqunni\desktop\freeimage\source\libjxr\x64\debug\libjxr.pdb
c:\users\leiqunni\desktop\freeimage\source\libjxr\x64\debug\libjxr.idb
c:\users\leiqunni\desktop\freeimage\source\libjxr\x64\debug\segdec.obj
c:\users\leiqunni\desktop\freeimage\source\libjxr\x64\debug\strdec.obj
c:\users\leiqunni\desktop\freeimage\source\libjxr\x64\debug\strdec_x86.obj
c:\users\leiqunni\desktop\freeimage\source\libjxr\x64\debug\strinvtransform.obj
c:\users\leiqunni\desktop\freeimage\source\libjxr\x64\debug\strpredquantdec.obj
c:\users\leiqunni\desktop\freeimage\source\libjxr\x64\debug\encode.obj
c:\users\leiqunni\desktop\freeimage\source\libjxr\x64\debug\segenc.obj
c:\users\leiqunni\desktop\freeimage\source\libjxr\x64\debug\strenc.obj
c:\users\leiqunni\desktop\freeimage\source\libjxr\x64\debug\strenc_x86.obj
c:\users\leiqunni\desktop\freeimage\source\libjxr\x64\debug\strfwdtransform.obj
c:\users\leiqunni\desktop\freeimage\source\libjxr\x64\debug\strpredquantenc.obj
c:\users\leiqunni\desktop\freeimage\source\libjxr\x64\debug\adapthuff.obj
c:\users\leiqunni\desktop\freeimage\source\libjxr\x64\debug\image.obj
c:\users\leiqunni\desktop\freeimage\source\libjxr\x64\debug\strcodec.obj
c:\users\leiqunni\desktop\freeimage\source\libjxr\x64\debug\strpredquant.obj
c:\users\leiqunni\desktop\freeimage\source\libjxr\x64\debug\strtransform.obj
c:\users\leiqunni\desktop\freeimage\source\libjxr\x64\debug\jxrglue.obj
c:\users\leiqunni\desktop\freeimage\source\libjxr\x64\debug\jxrgluejxr.obj
c:\users\leiqunni\desktop\freeimage\source\libjxr\x64\debug\jxrgluepfc.obj
c:\users\leiqunni\desktop\freeimage\source\libjxr\x64\debug\jxrmeta.obj
c:\users\leiqunni\desktop\freeimage\source\libjxr\x64\debug\decode.obj
c:\users\leiqunni\desktop\freeimage\source\libjxr\x64\debug\jxrtranscode.obj
c:\users\leiqunni\desktop\freeimage\source\libjxr\x64\debug\postprocess.obj
c:\users\leiqunni\desktop\freeimage\source\libjxr\x64\debug\libjxr.lib
c:\users\leiqunni\desktop\freeimage\source\libjxr\.\x64\debug\libjxr.lib
c:\users\leiqunni\desktop\freeimage\source\libjxr\x64\debug\libjxr.tlog\cl.command.1.tlog
c:\users\leiqunni\desktop\freeimage\source\libjxr\x64\debug\libjxr.tlog\cl.read.1.tlog
c:\users\leiqunni\desktop\freeimage\source\libjxr\x64\debug\libjxr.tlog\cl.write.1.tlog
c:\users\leiqunni\desktop\freeimage\source\libjxr\x64\debug\libjxr.tlog\lib-link.read.1.tlog
c:\users\leiqunni\desktop\freeimage\source\libjxr\x64\debug\libjxr.tlog\lib-link.write.1.tlog
c:\users\leiqunni\desktop\freeimage\source\libjxr\x64\debug\libjxr.tlog\lib.command.1.tlog
