c:\users\leiqunni\desktop\freeimage\source\openexr\x64\debug\openexr.pdb
c:\users\leiqunni\desktop\freeimage\source\openexr\x64\debug\imfdeepscanlineinputpart.obj
c:\users\leiqunni\desktop\freeimage\source\openexr\x64\debug\imfdeepscanlineinputfile.obj
c:\users\leiqunni\desktop\freeimage\source\openexr\x64\debug\imfdeepimagestateattribute.obj
c:\users\leiqunni\desktop\freeimage\source\openexr\x64\debug\imfdeepframebuffer.obj
c:\users\leiqunni\desktop\freeimage\source\openexr\x64\debug\imfdeepcompositing.obj
c:\users\leiqunni\desktop\freeimage\source\openexr\x64\debug\imfcrgbafile.obj
c:\users\leiqunni\desktop\freeimage\source\openexr\x64\debug\imfconvert.obj
c:\users\leiqunni\desktop\freeimage\source\openexr\x64\debug\imfcompressor.obj
c:\users\leiqunni\desktop\freeimage\source\openexr\x64\debug\imfcompressionattribute.obj
c:\users\leiqunni\desktop\freeimage\source\openexr\x64\debug\imfcompositedeepscanline.obj
c:\users\leiqunni\desktop\freeimage\source\openexr\x64\debug\imfchromaticitiesattribute.obj
c:\users\leiqunni\desktop\freeimage\source\openexr\x64\debug\imfchromaticities.obj
c:\users\leiqunni\desktop\freeimage\source\openexr\x64\debug\imfchannellistattribute.obj
c:\users\leiqunni\desktop\freeimage\source\openexr\x64\debug\imfchannellist.obj
c:\users\leiqunni\desktop\freeimage\source\openexr\x64\debug\imfboxattribute.obj
c:\users\leiqunni\desktop\freeimage\source\openexr\x64\debug\imfb44compressor.obj
c:\users\leiqunni\desktop\freeimage\source\openexr\x64\debug\imfattribute.obj
c:\users\leiqunni\desktop\freeimage\source\openexr\x64\debug\imfacesfile.obj
c:\users\leiqunni\desktop\freeimage\source\openexr\x64\debug\b44explogtable.obj
c:\users\leiqunni\desktop\freeimage\source\openexr\x64\debug\iexmathfpu.obj
c:\users\leiqunni\desktop\freeimage\source\openexr\x64\debug\imfinputfile.obj
c:\users\leiqunni\desktop\freeimage\source\openexr\x64\debug\imfhuf.obj
c:\users\leiqunni\desktop\freeimage\source\openexr\x64\debug\imfheader.obj
c:\users\leiqunni\desktop\freeimage\source\openexr\x64\debug\imfgenericoutputfile.obj
c:\users\leiqunni\desktop\freeimage\source\openexr\x64\debug\imfgenericinputfile.obj
c:\users\leiqunni\desktop\freeimage\source\openexr\x64\debug\imfframespersecond.obj
c:\users\leiqunni\desktop\freeimage\source\openexr\x64\debug\imfframebuffer.obj
c:\users\leiqunni\desktop\freeimage\source\openexr\x64\debug\imffloatvectorattribute.obj
c:\users\leiqunni\desktop\freeimage\source\openexr\x64\debug\imffloatattribute.obj
c:\users\leiqunni\desktop\freeimage\source\openexr\x64\debug\imffasthuf.obj
c:\users\leiqunni\desktop\freeimage\source\openexr\x64\debug\imfenvmapattribute.obj
c:\users\leiqunni\desktop\freeimage\source\openexr\x64\debug\imfenvmap.obj
c:\users\leiqunni\desktop\freeimage\source\openexr\x64\debug\imfdwacompressor.obj
c:\users\leiqunni\desktop\freeimage\source\openexr\x64\debug\imfdoubleattribute.obj
c:\users\leiqunni\desktop\freeimage\source\openexr\x64\debug\imfdeeptiledoutputpart.obj
c:\users\leiqunni\desktop\freeimage\source\openexr\x64\debug\imfdeeptiledoutputfile.obj
c:\users\leiqunni\desktop\freeimage\source\openexr\x64\debug\imfdeeptiledinputpart.obj
c:\users\leiqunni\desktop\freeimage\source\openexr\x64\debug\imfdeeptiledinputfile.obj
c:\users\leiqunni\desktop\freeimage\source\openexr\x64\debug\imfdeepscanlineoutputpart.obj
c:\users\leiqunni\desktop\freeimage\source\openexr\x64\debug\imfdeepscanlineoutputfile.obj
c:\users\leiqunni\desktop\freeimage\source\openexr\x64\debug\imfpreviewimage.obj
c:\users\leiqunni\desktop\freeimage\source\openexr\x64\debug\imfpizcompressor.obj
c:\users\leiqunni\desktop\freeimage\source\openexr\x64\debug\imfparttype.obj
c:\users\leiqunni\desktop\freeimage\source\openexr\x64\debug\imfoutputpartdata.obj
c:\users\leiqunni\desktop\freeimage\source\openexr\x64\debug\imfoutputpart.obj
c:\users\leiqunni\desktop\freeimage\source\openexr\x64\debug\imfoutputfile.obj
c:\users\leiqunni\desktop\freeimage\source\openexr\x64\debug\imfopaqueattribute.obj
c:\users\leiqunni\desktop\freeimage\source\openexr\x64\debug\imfmultiview.obj
c:\users\leiqunni\desktop\freeimage\source\openexr\x64\debug\imfmultipartoutputfile.obj
c:\users\leiqunni\desktop\freeimage\source\openexr\x64\debug\imfmultipartinputfile.obj
c:\users\leiqunni\desktop\freeimage\source\openexr\x64\debug\imfmisc.obj
c:\users\leiqunni\desktop\freeimage\source\openexr\x64\debug\imfmatrixattribute.obj
c:\users\leiqunni\desktop\freeimage\source\openexr\x64\debug\imflut.obj
c:\users\leiqunni\desktop\freeimage\source\openexr\x64\debug\imflineorderattribute.obj
c:\users\leiqunni\desktop\freeimage\source\openexr\x64\debug\imfkeycodeattribute.obj
c:\users\leiqunni\desktop\freeimage\source\openexr\x64\debug\imfkeycode.obj
c:\users\leiqunni\desktop\freeimage\source\openexr\x64\debug\imfio.obj
c:\users\leiqunni\desktop\freeimage\source\openexr\x64\debug\imfintattribute.obj
c:\users\leiqunni\desktop\freeimage\source\openexr\x64\debug\imfinputpartdata.obj
c:\users\leiqunni\desktop\freeimage\source\openexr\x64\debug\imfinputpart.obj
c:\users\leiqunni\desktop\freeimage\source\openexr\x64\debug\imftiledmisc.obj
c:\users\leiqunni\desktop\freeimage\source\openexr\x64\debug\imftiledinputpart.obj
c:\users\leiqunni\desktop\freeimage\source\openexr\x64\debug\imftiledinputfile.obj
c:\users\leiqunni\desktop\freeimage\source\openexr\x64\debug\imftiledescriptionattribute.obj
c:\users\leiqunni\desktop\freeimage\source\openexr\x64\debug\imfthreading.obj
c:\users\leiqunni\desktop\freeimage\source\openexr\x64\debug\imftestfile.obj
c:\users\leiqunni\desktop\freeimage\source\openexr\x64\debug\imfsystemspecific.obj
c:\users\leiqunni\desktop\freeimage\source\openexr\x64\debug\imfstringvectorattribute.obj
c:\users\leiqunni\desktop\freeimage\source\openexr\x64\debug\imfstringattribute.obj
c:\users\leiqunni\desktop\freeimage\source\openexr\x64\debug\imfstdio.obj
c:\users\leiqunni\desktop\freeimage\source\openexr\x64\debug\imfstandardattributes.obj
c:\users\leiqunni\desktop\freeimage\source\openexr\x64\debug\imfscanlineinputfile.obj
c:\users\leiqunni\desktop\freeimage\source\openexr\x64\debug\imfrlecompressor.obj
c:\users\leiqunni\desktop\freeimage\source\openexr\x64\debug\imfrle.obj
c:\users\leiqunni\desktop\freeimage\source\openexr\x64\debug\imfrgbayca.obj
c:\users\leiqunni\desktop\freeimage\source\openexr\x64\debug\imfrgbafile.obj
c:\users\leiqunni\desktop\freeimage\source\openexr\x64\debug\imfrationalattribute.obj
c:\users\leiqunni\desktop\freeimage\source\openexr\x64\debug\imfrational.obj
c:\users\leiqunni\desktop\freeimage\source\openexr\x64\debug\imfpxr24compressor.obj
c:\users\leiqunni\desktop\freeimage\source\openexr\x64\debug\imfpreviewimageattribute.obj
c:\users\leiqunni\desktop\freeimage\source\openexr\x64\debug\iexthrowerrnoexc.obj
c:\users\leiqunni\desktop\freeimage\source\openexr\x64\debug\iexbaseexc.obj
c:\users\leiqunni\desktop\freeimage\source\openexr\x64\debug\imathvec.obj
c:\users\leiqunni\desktop\freeimage\source\openexr\x64\debug\imathshear.obj
c:\users\leiqunni\desktop\freeimage\source\openexr\x64\debug\imathrandom.obj
c:\users\leiqunni\desktop\freeimage\source\openexr\x64\debug\imathmatrixalgo.obj
c:\users\leiqunni\desktop\freeimage\source\openexr\x64\debug\imathfun.obj
c:\users\leiqunni\desktop\freeimage\source\openexr\x64\debug\imathcoloralgo.obj
c:\users\leiqunni\desktop\freeimage\source\openexr\x64\debug\imathbox.obj
c:\users\leiqunni\desktop\freeimage\source\openexr\x64\debug\imfzipcompressor.obj
c:\users\leiqunni\desktop\freeimage\source\openexr\x64\debug\imfzip.obj
c:\users\leiqunni\desktop\freeimage\source\openexr\x64\debug\imfwav.obj
c:\users\leiqunni\desktop\freeimage\source\openexr\x64\debug\imfversion.obj
c:\users\leiqunni\desktop\freeimage\source\openexr\x64\debug\imfvecattribute.obj
c:\users\leiqunni\desktop\freeimage\source\openexr\x64\debug\imftimecodeattribute.obj
c:\users\leiqunni\desktop\freeimage\source\openexr\x64\debug\imftimecode.obj
c:\users\leiqunni\desktop\freeimage\source\openexr\x64\debug\imftileoffsets.obj
c:\users\leiqunni\desktop\freeimage\source\openexr\x64\debug\imftiledrgbafile.obj
c:\users\leiqunni\desktop\freeimage\source\openexr\x64\debug\imftiledoutputpart.obj
c:\users\leiqunni\desktop\freeimage\source\openexr\x64\debug\imftiledoutputfile.obj
c:\users\leiqunni\desktop\freeimage\source\openexr\x64\debug\iexmathfloatexc.obj
c:\users\leiqunni\desktop\freeimage\source\openexr\x64\debug\ilmthreadsemaphore.obj
c:\users\leiqunni\desktop\freeimage\source\openexr\x64\debug\ilmthreadpool.obj
c:\users\leiqunni\desktop\freeimage\source\openexr\x64\debug\ilmthreadmutex.obj
c:\users\leiqunni\desktop\freeimage\source\openexr\x64\debug\ilmthread.obj
c:\users\leiqunni\desktop\freeimage\source\openexr\x64\debug\half.obj
c:\users\leiqunni\desktop\freeimage\source\openexr\x64\debug\openexr.lib
c:\users\leiqunni\desktop\freeimage\source\openexr\.\x64\debug\openexr.lib
c:\users\leiqunni\desktop\freeimage\source\openexr\x64\debug\openexr.tlog\cl.command.1.tlog
c:\users\leiqunni\desktop\freeimage\source\openexr\x64\debug\openexr.tlog\cl.read.1.tlog
c:\users\leiqunni\desktop\freeimage\source\openexr\x64\debug\openexr.tlog\cl.write.1.tlog
c:\users\leiqunni\desktop\freeimage\source\openexr\x64\debug\openexr.tlog\lib-link.read.1.tlog
c:\users\leiqunni\desktop\freeimage\source\openexr\x64\debug\openexr.tlog\lib-link.write.1.tlog
c:\users\leiqunni\desktop\freeimage\source\openexr\x64\debug\openexr.tlog\lib.command.1.tlog
