c:\users\leiqunni\desktop\freeimage\source\libpng\x64\debug\libpng.pdb
c:\users\leiqunni\desktop\freeimage\source\libpng\x64\debug\pngwutil.obj
c:\users\leiqunni\desktop\freeimage\source\libpng\x64\debug\pngwtran.obj
c:\users\leiqunni\desktop\freeimage\source\libpng\x64\debug\pngwrite.obj
c:\users\leiqunni\desktop\freeimage\source\libpng\x64\debug\pngwio.obj
c:\users\leiqunni\desktop\freeimage\source\libpng\x64\debug\pngtrans.obj
c:\users\leiqunni\desktop\freeimage\source\libpng\x64\debug\pngset.obj
c:\users\leiqunni\desktop\freeimage\source\libpng\x64\debug\pngrutil.obj
c:\users\leiqunni\desktop\freeimage\source\libpng\x64\debug\pngrtran.obj
c:\users\leiqunni\desktop\freeimage\source\libpng\x64\debug\pngrio.obj
c:\users\leiqunni\desktop\freeimage\source\libpng\x64\debug\pngread.obj
c:\users\leiqunni\desktop\freeimage\source\libpng\x64\debug\pngpread.obj
c:\users\leiqunni\desktop\freeimage\source\libpng\x64\debug\pngmem.obj
c:\users\leiqunni\desktop\freeimage\source\libpng\x64\debug\pngget.obj
c:\users\leiqunni\desktop\freeimage\source\libpng\x64\debug\pngerror.obj
c:\users\leiqunni\desktop\freeimage\source\libpng\x64\debug\png.obj
c:\users\leiqunni\desktop\freeimage\source\libpng\x64\debug\libpng.lib
c:\users\leiqunni\desktop\freeimage\source\libpng\.\x64\debug\libpng.lib
c:\users\leiqunni\desktop\freeimage\source\libpng\x64\debug\libpng.tlog\cl.command.1.tlog
c:\users\leiqunni\desktop\freeimage\source\libpng\x64\debug\libpng.tlog\cl.read.1.tlog
c:\users\leiqunni\desktop\freeimage\source\libpng\x64\debug\libpng.tlog\cl.write.1.tlog
c:\users\leiqunni\desktop\freeimage\source\libpng\x64\debug\libpng.tlog\lib-link.read.1.tlog
c:\users\leiqunni\desktop\freeimage\source\libpng\x64\debug\libpng.tlog\lib-link.write.1.tlog
c:\users\leiqunni\desktop\freeimage\source\libpng\x64\debug\libpng.tlog\lib.command.1.tlog
