c:\users\leiqunni\desktop\freeimage\source\zlib\x64\debug\zlib.pdb
c:\users\leiqunni\desktop\freeimage\source\zlib\x64\debug\zutil.obj
c:\users\leiqunni\desktop\freeimage\source\zlib\x64\debug\uncompr.obj
c:\users\leiqunni\desktop\freeimage\source\zlib\x64\debug\trees.obj
c:\users\leiqunni\desktop\freeimage\source\zlib\x64\debug\inftrees.obj
c:\users\leiqunni\desktop\freeimage\source\zlib\x64\debug\inflate.obj
c:\users\leiqunni\desktop\freeimage\source\zlib\x64\debug\inffast.obj
c:\users\leiqunni\desktop\freeimage\source\zlib\x64\debug\infback.obj
c:\users\leiqunni\desktop\freeimage\source\zlib\x64\debug\gzwrite.obj
c:\users\leiqunni\desktop\freeimage\source\zlib\x64\debug\gzread.obj
c:\users\leiqunni\desktop\freeimage\source\zlib\x64\debug\gzlib.obj
c:\users\leiqunni\desktop\freeimage\source\zlib\x64\debug\gzclose.obj
c:\users\leiqunni\desktop\freeimage\source\zlib\x64\debug\deflate.obj
c:\users\leiqunni\desktop\freeimage\source\zlib\x64\debug\crc32.obj
c:\users\leiqunni\desktop\freeimage\source\zlib\x64\debug\compress.obj
c:\users\leiqunni\desktop\freeimage\source\zlib\x64\debug\adler32.obj
c:\users\leiqunni\desktop\freeimage\source\zlib\x64\debug\zlib.lib
c:\users\leiqunni\desktop\freeimage\source\zlib\.\x64\debug\zlib.lib
c:\users\leiqunni\desktop\freeimage\source\zlib\x64\debug\zlib.tlog\cl.command.1.tlog
c:\users\leiqunni\desktop\freeimage\source\zlib\x64\debug\zlib.tlog\cl.read.1.tlog
c:\users\leiqunni\desktop\freeimage\source\zlib\x64\debug\zlib.tlog\cl.write.1.tlog
c:\users\leiqunni\desktop\freeimage\source\zlib\x64\debug\zlib.tlog\lib-link.read.1.tlog
c:\users\leiqunni\desktop\freeimage\source\zlib\x64\debug\zlib.tlog\lib-link.write.1.tlog
c:\users\leiqunni\desktop\freeimage\source\zlib\x64\debug\zlib.tlog\lib.command.1.tlog
