c:\users\leiqunni\desktop\freeimage\source\libjpeg\x64\debug\libjpeg.pdb
c:\users\leiqunni\desktop\freeimage\source\libjpeg\x64\debug\jdarith.obj
c:\users\leiqunni\desktop\freeimage\source\libjpeg\x64\debug\jdapistd.obj
c:\users\leiqunni\desktop\freeimage\source\libjpeg\x64\debug\jdapimin.obj
c:\users\leiqunni\desktop\freeimage\source\libjpeg\x64\debug\jctrans.obj
c:\users\leiqunni\desktop\freeimage\source\libjpeg\x64\debug\jcsample.obj
c:\users\leiqunni\desktop\freeimage\source\libjpeg\x64\debug\jcprepct.obj
c:\users\leiqunni\desktop\freeimage\source\libjpeg\x64\debug\jcparam.obj
c:\users\leiqunni\desktop\freeimage\source\libjpeg\x64\debug\jcomapi.obj
c:\users\leiqunni\desktop\freeimage\source\libjpeg\x64\debug\jcmaster.obj
c:\users\leiqunni\desktop\freeimage\source\libjpeg\x64\debug\jcmarker.obj
c:\users\leiqunni\desktop\freeimage\source\libjpeg\x64\debug\jcmainct.obj
c:\users\leiqunni\desktop\freeimage\source\libjpeg\x64\debug\jcinit.obj
c:\users\leiqunni\desktop\freeimage\source\libjpeg\x64\debug\jchuff.obj
c:\users\leiqunni\desktop\freeimage\source\libjpeg\x64\debug\jcdctmgr.obj
c:\users\leiqunni\desktop\freeimage\source\libjpeg\x64\debug\jccolor.obj
c:\users\leiqunni\desktop\freeimage\source\libjpeg\x64\debug\jccoefct.obj
c:\users\leiqunni\desktop\freeimage\source\libjpeg\x64\debug\jcarith.obj
c:\users\leiqunni\desktop\freeimage\source\libjpeg\x64\debug\jcapistd.obj
c:\users\leiqunni\desktop\freeimage\source\libjpeg\x64\debug\jcapimin.obj
c:\users\leiqunni\desktop\freeimage\source\libjpeg\x64\debug\jaricom.obj
c:\users\leiqunni\desktop\freeimage\source\libjpeg\x64\debug\jidctfst.obj
c:\users\leiqunni\desktop\freeimage\source\libjpeg\x64\debug\jidctflt.obj
c:\users\leiqunni\desktop\freeimage\source\libjpeg\x64\debug\jfdctint.obj
c:\users\leiqunni\desktop\freeimage\source\libjpeg\x64\debug\jfdctfst.obj
c:\users\leiqunni\desktop\freeimage\source\libjpeg\x64\debug\jfdctflt.obj
c:\users\leiqunni\desktop\freeimage\source\libjpeg\x64\debug\jerror.obj
c:\users\leiqunni\desktop\freeimage\source\libjpeg\x64\debug\jdtrans.obj
c:\users\leiqunni\desktop\freeimage\source\libjpeg\x64\debug\jdsample.obj
c:\users\leiqunni\desktop\freeimage\source\libjpeg\x64\debug\jdpostct.obj
c:\users\leiqunni\desktop\freeimage\source\libjpeg\x64\debug\jdmerge.obj
c:\users\leiqunni\desktop\freeimage\source\libjpeg\x64\debug\jdmaster.obj
c:\users\leiqunni\desktop\freeimage\source\libjpeg\x64\debug\jdmarker.obj
c:\users\leiqunni\desktop\freeimage\source\libjpeg\x64\debug\jdmainct.obj
c:\users\leiqunni\desktop\freeimage\source\libjpeg\x64\debug\jdinput.obj
c:\users\leiqunni\desktop\freeimage\source\libjpeg\x64\debug\jdhuff.obj
c:\users\leiqunni\desktop\freeimage\source\libjpeg\x64\debug\jddctmgr.obj
c:\users\leiqunni\desktop\freeimage\source\libjpeg\x64\debug\jdcolor.obj
c:\users\leiqunni\desktop\freeimage\source\libjpeg\x64\debug\jdcoefct.obj
c:\users\leiqunni\desktop\freeimage\source\libjpeg\x64\debug\jdatasrc.obj
c:\users\leiqunni\desktop\freeimage\source\libjpeg\x64\debug\jdatadst.obj
c:\users\leiqunni\desktop\freeimage\source\libjpeg\x64\debug\transupp.obj
c:\users\leiqunni\desktop\freeimage\source\libjpeg\x64\debug\jutils.obj
c:\users\leiqunni\desktop\freeimage\source\libjpeg\x64\debug\jquant2.obj
c:\users\leiqunni\desktop\freeimage\source\libjpeg\x64\debug\jquant1.obj
c:\users\leiqunni\desktop\freeimage\source\libjpeg\x64\debug\jmemnobs.obj
c:\users\leiqunni\desktop\freeimage\source\libjpeg\x64\debug\jmemmgr.obj
c:\users\leiqunni\desktop\freeimage\source\libjpeg\x64\debug\jidctint.obj
c:\users\leiqunni\desktop\freeimage\source\libjpeg\x64\debug\libjpeg.lib
c:\users\leiqunni\desktop\freeimage\source\libjpeg\.\x64\debug\libjpeg.lib
c:\users\leiqunni\desktop\freeimage\source\libjpeg\x64\debug\libjpeg.tlog\cl.command.1.tlog
c:\users\leiqunni\desktop\freeimage\source\libjpeg\x64\debug\libjpeg.tlog\cl.read.1.tlog
c:\users\leiqunni\desktop\freeimage\source\libjpeg\x64\debug\libjpeg.tlog\cl.write.1.tlog
c:\users\leiqunni\desktop\freeimage\source\libjpeg\x64\debug\libjpeg.tlog\lib-link.read.1.tlog
c:\users\leiqunni\desktop\freeimage\source\libjpeg\x64\debug\libjpeg.tlog\lib-link.write.1.tlog
c:\users\leiqunni\desktop\freeimage\source\libjpeg\x64\debug\libjpeg.tlog\lib.command.1.tlog
