  jaricom.c
  jcapimin.c
  jcapistd.c
  jcarith.c
  jccoefct.c
  jccolor.c
  jcdctmgr.c
  jchuff.c
  jcinit.c
  jcmainct.c
  jcmarker.c
  jcmaster.c
  jcomapi.c
  jcparam.c
  jcprepct.c
  jcsample.c
  jctrans.c
  jdapimin.c
  jdapistd.c
  jdarith.c
  コードを生成中...
  コンパイル中...
  jdatadst.c
c:\users\leiqunni\desktop\freeimage\source\libjpeg\jdatadst.c(185): warning C4267: '=': 'size_t' から 'unsigned long' に変換しました。データが失われているかもしれません。
  jdatasrc.c
  jdcoefct.c
  jdcolor.c
  jddctmgr.c
  jdhuff.c
  jdinput.c
  jdmainct.c
  jdmarker.c
  jdmaster.c
  jdmerge.c
  jdpostct.c
  jdsample.c
  jdtrans.c
  jerror.c
  jfdctflt.c
  jfdctfst.c
  jfdctint.c
  jidctflt.c
  jidctfst.c
  コードを生成中...
  コンパイル中...
  jidctint.c
  jmemmgr.c
c:\users\leiqunni\desktop\freeimage\source\libjpeg\jmemmgr.c(307): warning C4267: '+=': 'size_t' から 'long' に変換しました。データが失われているかもしれません。
c:\users\leiqunni\desktop\freeimage\source\libjpeg\jmemmgr.c(367): warning C4267: '+=': 'size_t' から 'long' に変換しました。データが失われているかもしれません。
c:\users\leiqunni\desktop\freeimage\source\libjpeg\jmemmgr.c(977): warning C4267: '-=': 'size_t' から 'long' に変換しました。データが失われているかもしれません。
c:\users\leiqunni\desktop\freeimage\source\libjpeg\jmemmgr.c(991): warning C4267: '-=': 'size_t' から 'long' に変換しました。データが失われているかもしれません。
  jmemnobs.c
  jquant1.c
  jquant2.c
  jutils.c
  transupp.c
  コードを生成中...
  LibJPEG.2017.vcxproj -> C:\Users\leiqunni\Desktop\FreeImage\Source\LibJPEG\.\x64\Debug\LibJPEG.lib
